<html>
<head>
<title>TestNG:  Test</title>
<link href="../testng.css" rel="stylesheet" type="text/css" />
<link href="../my-testng.css" rel="stylesheet" type="text/css" />

<style type="text/css">
.log { display: none;} 
.stack-trace { display: none;} 
</style>
<script type="text/javascript">
<!--
function flip(e) {
  current = e.style.display;
  if (current == 'block') {
    e.style.display = 'none';
    return 0;
  }
  else {
    e.style.display = 'block';
    return 1;
  }
}

function toggleBox(szDivId, elem, msg1, msg2)
{
  var res = -1;  if (document.getElementById) {
    res = flip(document.getElementById(szDivId));
  }
  else if (document.all) {
    // this is the way old msie versions work
    res = flip(document.all[szDivId]);
  }
  if(elem) {
    if(res == 0) elem.innerHTML = msg1; else elem.innerHTML = msg2;
  }

}

function toggleAllBoxes() {
  if (document.getElementsByTagName) {
    d = document.getElementsByTagName('div');
    for (i = 0; i < d.length; i++) {
      if (d[i].className == 'log') {
        flip(d[i]);
      }
    }
  }
}

// -->
</script>

</head>
<body>
<h2 align='center'>Test</h2><table border='1' align="center">
<tr>
<td>Tests passed/Failed/Skipped:</td><td>28/4/0</td>
</tr><tr>
<td>Started on:</td><td>Tue Apr 07 13:33:51 IST 2020</td>
</tr>
<tr><td>Total time:</td><td>40 seconds (40569 ms)</td>
</tr><tr>
<td>Included groups:</td><td></td>
</tr><tr>
<td>Excluded groups:</td><td></td>
</tr>
</table><p/>
<small><i>(Hover the method name to see the test class name)</i></small><p/>
<table width='100%' border='1' class='invocation-failed'>
<tr><td colspan='4' align='center'><b>FAILED TESTS</b></td></tr>
<tr><td><b>Test method</b></td>
<td width="30%"><b>Exception</b></td>
<td width="10%"><b>Time (seconds)</b></td>
<td><b>Instance</b></td>
</tr>
<tr>
<td title='com.ApiTestcases.TC005_Delete_Employee_Record.checkContentType()'><b>checkContentType</b><br>Test class: com.ApiTestcases.TC005_Delete_Employee_Record</td>
<td><div><pre>java.lang.AssertionError: expected [text/html; charset=UTF-8] but found [application/json;charset=utf-8]
	at com.ApiTestcases.TC005_Delete_Employee_Record.checkContentType(TC005_Delete_Employee_Record.java:69)
	at java.util.ArrayList.forEach(ArrayList.java:1257)
... Removed 32 stack frames</pre></div><a href='#' onClick='toggleBox("stack-trace173197870", this, "Click to show all stack frames", "Click to hide stack frames")'>Click to show all stack frames</a>
<div class='stack-trace' id='stack-trace173197870'><pre>java.lang.AssertionError: expected [text/html; charset=UTF-8] but found [application/json;charset=utf-8]
	at org.testng.Assert.fail(Assert.java:97)
	at org.testng.Assert.assertEqualsImpl(Assert.java:136)
	at org.testng.Assert.assertEquals(Assert.java:118)
	at org.testng.Assert.assertEquals(Assert.java:575)
	at org.testng.Assert.assertEquals(Assert.java:585)
	at com.ApiTestcases.TC005_Delete_Employee_Record.checkContentType(TC005_Delete_Employee_Record.java:69)
	at sun.reflect.NativeMethodAccessorImpl.invoke0(Native Method)
	at sun.reflect.NativeMethodAccessorImpl.invoke(NativeMethodAccessorImpl.java:62)
	at sun.reflect.DelegatingMethodAccessorImpl.invoke(DelegatingMethodAccessorImpl.java:43)
	at java.lang.reflect.Method.invoke(Method.java:498)
	at org.testng.internal.MethodInvocationHelper.invokeMethod(MethodInvocationHelper.java:134)
	at org.testng.internal.TestInvoker.invokeMethod(TestInvoker.java:597)
	at org.testng.internal.TestInvoker.invokeTestMethod(TestInvoker.java:173)
	at org.testng.internal.MethodRunner.runInSequence(MethodRunner.java:46)
	at org.testng.internal.TestInvoker$MethodInvocationAgent.invoke(TestInvoker.java:816)
	at org.testng.internal.TestInvoker.invokeTestMethods(TestInvoker.java:146)
	at org.testng.internal.TestMethodWorker.invokeTestMethods(TestMethodWorker.java:146)
	at org.testng.internal.TestMethodWorker.run(TestMethodWorker.java:128)
	at java.util.ArrayList.forEach(ArrayList.java:1257)
	at org.testng.TestRunner.privateRun(TestRunner.java:766)
	at org.testng.TestRunner.run(TestRunner.java:587)
	at org.testng.SuiteRunner.runTest(SuiteRunner.java:384)
	at org.testng.SuiteRunner.runSequentially(SuiteRunner.java:378)
	at org.testng.SuiteRunner.privateRun(SuiteRunner.java:337)
	at org.testng.SuiteRunner.run(SuiteRunner.java:286)
	at org.testng.SuiteRunnerWorker.runSuite(SuiteRunnerWorker.java:53)
	at org.testng.SuiteRunnerWorker.run(SuiteRunnerWorker.java:96)
	at org.testng.TestNG.runSuitesSequentially(TestNG.java:1187)
	at org.testng.TestNG.runSuitesLocally(TestNG.java:1109)
	at org.testng.TestNG.runSuites(TestNG.java:1039)
	at org.testng.TestNG.run(TestNG.java:1007)
	at org.testng.remote.AbstractRemoteTestNG.run(AbstractRemoteTestNG.java:115)
	at org.testng.remote.RemoteTestNG.initAndRun(RemoteTestNG.java:251)
	at org.testng.remote.RemoteTestNG.main(RemoteTestNG.java:77)
</pre></div></td>
<td>0</td>
<td>com.ApiTestcases.TC005_Delete_Employee_Record@3b088d51</td></tr>
<tr>
<td title='com.ApiTestcases.TC005_Delete_Employee_Record.checkResposeBody()'><b>checkResposeBody</b><br>Test class: com.ApiTestcases.TC005_Delete_Employee_Record</td>
<td><div><pre>java.lang.AssertionError: expected [true] but found [false]
	at com.ApiTestcases.TC005_Delete_Employee_Record.checkResposeBody(TC005_Delete_Employee_Record.java:46)
	at java.util.ArrayList.forEach(ArrayList.java:1257)
... Removed 32 stack frames</pre></div><a href='#' onClick='toggleBox("stack-trace2021601975", this, "Click to show all stack frames", "Click to hide stack frames")'>Click to show all stack frames</a>
<div class='stack-trace' id='stack-trace2021601975'><pre>java.lang.AssertionError: expected [true] but found [false]
	at org.testng.Assert.fail(Assert.java:97)
	at org.testng.Assert.assertEqualsImpl(Assert.java:136)
	at org.testng.Assert.assertEquals(Assert.java:118)
	at org.testng.Assert.assertEquals(Assert.java:751)
	at org.testng.Assert.assertEquals(Assert.java:761)
	at com.ApiTestcases.TC005_Delete_Employee_Record.checkResposeBody(TC005_Delete_Employee_Record.java:46)
	at sun.reflect.NativeMethodAccessorImpl.invoke0(Native Method)
	at sun.reflect.NativeMethodAccessorImpl.invoke(NativeMethodAccessorImpl.java:62)
	at sun.reflect.DelegatingMethodAccessorImpl.invoke(DelegatingMethodAccessorImpl.java:43)
	at java.lang.reflect.Method.invoke(Method.java:498)
	at org.testng.internal.MethodInvocationHelper.invokeMethod(MethodInvocationHelper.java:134)
	at org.testng.internal.TestInvoker.invokeMethod(TestInvoker.java:597)
	at org.testng.internal.TestInvoker.invokeTestMethod(TestInvoker.java:173)
	at org.testng.internal.MethodRunner.runInSequence(MethodRunner.java:46)
	at org.testng.internal.TestInvoker$MethodInvocationAgent.invoke(TestInvoker.java:816)
	at org.testng.internal.TestInvoker.invokeTestMethods(TestInvoker.java:146)
	at org.testng.internal.TestMethodWorker.invokeTestMethods(TestMethodWorker.java:146)
	at org.testng.internal.TestMethodWorker.run(TestMethodWorker.java:128)
	at java.util.ArrayList.forEach(ArrayList.java:1257)
	at org.testng.TestRunner.privateRun(TestRunner.java:766)
	at org.testng.TestRunner.run(TestRunner.java:587)
	at org.testng.SuiteRunner.runTest(SuiteRunner.java:384)
	at org.testng.SuiteRunner.runSequentially(SuiteRunner.java:378)
	at org.testng.SuiteRunner.privateRun(SuiteRunner.java:337)
	at org.testng.SuiteRunner.run(SuiteRunner.java:286)
	at org.testng.SuiteRunnerWorker.runSuite(SuiteRunnerWorker.java:53)
	at org.testng.SuiteRunnerWorker.run(SuiteRunnerWorker.java:96)
	at org.testng.TestNG.runSuitesSequentially(TestNG.java:1187)
	at org.testng.TestNG.runSuitesLocally(TestNG.java:1109)
	at org.testng.TestNG.runSuites(TestNG.java:1039)
	at org.testng.TestNG.run(TestNG.java:1007)
	at org.testng.remote.AbstractRemoteTestNG.run(AbstractRemoteTestNG.java:115)
	at org.testng.remote.RemoteTestNG.initAndRun(RemoteTestNG.java:251)
	at org.testng.remote.RemoteTestNG.main(RemoteTestNG.java:77)
</pre></div></td>
<td>0</td>
<td>com.ApiTestcases.TC005_Delete_Employee_Record@3b088d51</td></tr>
<tr>
<td title='com.ApiTestcases.TC005_Delete_Employee_Record.checkcontentEncoding()'><b>checkcontentEncoding</b><br>Test class: com.ApiTestcases.TC005_Delete_Employee_Record</td>
<td><div><pre>java.lang.AssertionError: expected [gzip] but found [null]
	at com.ApiTestcases.TC005_Delete_Employee_Record.checkcontentEncoding(TC005_Delete_Employee_Record.java:83)
	at java.util.ArrayList.forEach(ArrayList.java:1257)
... Removed 33 stack frames</pre></div><a href='#' onClick='toggleBox("stack-trace66231846", this, "Click to show all stack frames", "Click to hide stack frames")'>Click to show all stack frames</a>
<div class='stack-trace' id='stack-trace66231846'><pre>java.lang.AssertionError: expected [gzip] but found [null]
	at org.testng.Assert.fail(Assert.java:97)
	at org.testng.Assert.failNotEquals(Assert.java:969)
	at org.testng.Assert.assertEqualsImpl(Assert.java:131)
	at org.testng.Assert.assertEquals(Assert.java:118)
	at org.testng.Assert.assertEquals(Assert.java:575)
	at org.testng.Assert.assertEquals(Assert.java:585)
	at com.ApiTestcases.TC005_Delete_Employee_Record.checkcontentEncoding(TC005_Delete_Employee_Record.java:83)
	at sun.reflect.NativeMethodAccessorImpl.invoke0(Native Method)
	at sun.reflect.NativeMethodAccessorImpl.invoke(NativeMethodAccessorImpl.java:62)
	at sun.reflect.DelegatingMethodAccessorImpl.invoke(DelegatingMethodAccessorImpl.java:43)
	at java.lang.reflect.Method.invoke(Method.java:498)
	at org.testng.internal.MethodInvocationHelper.invokeMethod(MethodInvocationHelper.java:134)
	at org.testng.internal.TestInvoker.invokeMethod(TestInvoker.java:597)
	at org.testng.internal.TestInvoker.invokeTestMethod(TestInvoker.java:173)
	at org.testng.internal.MethodRunner.runInSequence(MethodRunner.java:46)
	at org.testng.internal.TestInvoker$MethodInvocationAgent.invoke(TestInvoker.java:816)
	at org.testng.internal.TestInvoker.invokeTestMethods(TestInvoker.java:146)
	at org.testng.internal.TestMethodWorker.invokeTestMethods(TestMethodWorker.java:146)
	at org.testng.internal.TestMethodWorker.run(TestMethodWorker.java:128)
	at java.util.ArrayList.forEach(ArrayList.java:1257)
	at org.testng.TestRunner.privateRun(TestRunner.java:766)
	at org.testng.TestRunner.run(TestRunner.java:587)
	at org.testng.SuiteRunner.runTest(SuiteRunner.java:384)
	at org.testng.SuiteRunner.runSequentially(SuiteRunner.java:378)
	at org.testng.SuiteRunner.privateRun(SuiteRunner.java:337)
	at org.testng.SuiteRunner.run(SuiteRunner.java:286)
	at org.testng.SuiteRunnerWorker.runSuite(SuiteRunnerWorker.java:53)
	at org.testng.SuiteRunnerWorker.run(SuiteRunnerWorker.java:96)
	at org.testng.TestNG.runSuitesSequentially(TestNG.java:1187)
	at org.testng.TestNG.runSuitesLocally(TestNG.java:1109)
	at org.testng.TestNG.runSuites(TestNG.java:1039)
	at org.testng.TestNG.run(TestNG.java:1007)
	at org.testng.remote.AbstractRemoteTestNG.run(AbstractRemoteTestNG.java:115)
	at org.testng.remote.RemoteTestNG.initAndRun(RemoteTestNG.java:251)
	at org.testng.remote.RemoteTestNG.main(RemoteTestNG.java:77)
</pre></div></td>
<td>0</td>
<td>com.ApiTestcases.TC005_Delete_Employee_Record@3b088d51</td></tr>
<tr>
<td title='com.ApiTestcases.TC004_Put_Employee_Record.checkresponsebody()'><b>checkresponsebody</b><br>Test class: com.ApiTestcases.TC004_Put_Employee_Record</td>
<td><div><pre>java.lang.AssertionError: expected [true] but found [false]
	at com.ApiTestcases.TC004_Put_Employee_Record.checkresponsebody(TC004_Put_Employee_Record.java:53)
	at java.util.ArrayList.forEach(ArrayList.java:1257)
... Removed 32 stack frames</pre></div><a href='#' onClick='toggleBox("stack-trace2042917213", this, "Click to show all stack frames", "Click to hide stack frames")'>Click to show all stack frames</a>
<div class='stack-trace' id='stack-trace2042917213'><pre>java.lang.AssertionError: expected [true] but found [false]
	at org.testng.Assert.fail(Assert.java:97)
	at org.testng.Assert.assertEqualsImpl(Assert.java:136)
	at org.testng.Assert.assertEquals(Assert.java:118)
	at org.testng.Assert.assertEquals(Assert.java:751)
	at org.testng.Assert.assertEquals(Assert.java:761)
	at com.ApiTestcases.TC004_Put_Employee_Record.checkresponsebody(TC004_Put_Employee_Record.java:53)
	at sun.reflect.NativeMethodAccessorImpl.invoke0(Native Method)
	at sun.reflect.NativeMethodAccessorImpl.invoke(NativeMethodAccessorImpl.java:62)
	at sun.reflect.DelegatingMethodAccessorImpl.invoke(DelegatingMethodAccessorImpl.java:43)
	at java.lang.reflect.Method.invoke(Method.java:498)
	at org.testng.internal.MethodInvocationHelper.invokeMethod(MethodInvocationHelper.java:134)
	at org.testng.internal.TestInvoker.invokeMethod(TestInvoker.java:597)
	at org.testng.internal.TestInvoker.invokeTestMethod(TestInvoker.java:173)
	at org.testng.internal.MethodRunner.runInSequence(MethodRunner.java:46)
	at org.testng.internal.TestInvoker$MethodInvocationAgent.invoke(TestInvoker.java:816)
	at org.testng.internal.TestInvoker.invokeTestMethods(TestInvoker.java:146)
	at org.testng.internal.TestMethodWorker.invokeTestMethods(TestMethodWorker.java:146)
	at org.testng.internal.TestMethodWorker.run(TestMethodWorker.java:128)
	at java.util.ArrayList.forEach(ArrayList.java:1257)
	at org.testng.TestRunner.privateRun(TestRunner.java:766)
	at org.testng.TestRunner.run(TestRunner.java:587)
	at org.testng.SuiteRunner.runTest(SuiteRunner.java:384)
	at org.testng.SuiteRunner.runSequentially(SuiteRunner.java:378)
	at org.testng.SuiteRunner.privateRun(SuiteRunner.java:337)
	at org.testng.SuiteRunner.run(SuiteRunner.java:286)
	at org.testng.SuiteRunnerWorker.runSuite(SuiteRunnerWorker.java:53)
	at org.testng.SuiteRunnerWorker.run(SuiteRunnerWorker.java:96)
	at org.testng.TestNG.runSuitesSequentially(TestNG.java:1187)
	at org.testng.TestNG.runSuitesLocally(TestNG.java:1109)
	at org.testng.TestNG.runSuites(TestNG.java:1039)
	at org.testng.TestNG.run(TestNG.java:1007)
	at org.testng.remote.AbstractRemoteTestNG.run(AbstractRemoteTestNG.java:115)
	at org.testng.remote.RemoteTestNG.initAndRun(RemoteTestNG.java:251)
	at org.testng.remote.RemoteTestNG.main(RemoteTestNG.java:77)
</pre></div></td>
<td>0</td>
<td>com.ApiTestcases.TC004_Put_Employee_Record@53f65459</td></tr>
</table><p>
<table width='100%' border='1' class='invocation-passed'>
<tr><td colspan='4' align='center'><b>PASSED TESTS</b></td></tr>
<tr><td><b>Test method</b></td>
<td width="30%"><b>Exception</b></td>
<td width="10%"><b>Time (seconds)</b></td>
<td><b>Instance</b></td>
</tr>
<tr>
<td title='com.ApiTestcases.TC001_Get_All_Employees.CheckResponseTime()'><b>CheckResponseTime</b><br>Test class: com.ApiTestcases.TC001_Get_All_Employees</td>
<td></td>
<td>0</td>
<td>com.ApiTestcases.TC001_Get_All_Employees@167fdd33</td></tr>
<tr>
<td title='com.ApiTestcases.TC002_Get_single_employee_record.CheckResponseTime()'><b>CheckResponseTime</b><br>Test class: com.ApiTestcases.TC002_Get_single_employee_record</td>
<td></td>
<td>0</td>
<td>com.ApiTestcases.TC002_Get_single_employee_record@1e965684</td></tr>
<tr>
<td title='com.ApiTestcases.TC001_Get_All_Employees.CheckresponseBody()'><b>CheckresponseBody</b><br>Test class: com.ApiTestcases.TC001_Get_All_Employees</td>
<td></td>
<td>0</td>
<td>com.ApiTestcases.TC001_Get_All_Employees@167fdd33</td></tr>
<tr>
<td title='com.ApiTestcases.TC002_Get_single_employee_record.CheckresponseBody()'><b>CheckresponseBody</b><br>Test class: com.ApiTestcases.TC002_Get_single_employee_record</td>
<td></td>
<td>0</td>
<td>com.ApiTestcases.TC002_Get_single_employee_record@1e965684</td></tr>
<tr>
<td title='com.ApiTestcases.TC003_Post_Employee_Record.checkContentType()'><b>checkContentType</b><br>Test class: com.ApiTestcases.TC003_Post_Employee_Record</td>
<td></td>
<td>0</td>
<td>com.ApiTestcases.TC003_Post_Employee_Record@4d95d2a2</td></tr>
<tr>
<td title='com.ApiTestcases.TC004_Put_Employee_Record.checkContentType()'><b>checkContentType</b><br>Test class: com.ApiTestcases.TC004_Put_Employee_Record</td>
<td></td>
<td>0</td>
<td>com.ApiTestcases.TC004_Put_Employee_Record@53f65459</td></tr>
<tr>
<td title='com.ApiTestcases.TC003_Post_Employee_Record.checkStatusCode()'><b>checkStatusCode</b><br>Test class: com.ApiTestcases.TC003_Post_Employee_Record</td>
<td></td>
<td>0</td>
<td>com.ApiTestcases.TC003_Post_Employee_Record@4d95d2a2</td></tr>
<tr>
<td title='com.ApiTestcases.TC004_Put_Employee_Record.checkStatusCode()'><b>checkStatusCode</b><br>Test class: com.ApiTestcases.TC004_Put_Employee_Record</td>
<td></td>
<td>0</td>
<td>com.ApiTestcases.TC004_Put_Employee_Record@53f65459</td></tr>
<tr>
<td title='com.ApiTestcases.TC005_Delete_Employee_Record.checkStatusCode()'><b>checkStatusCode</b><br>Test class: com.ApiTestcases.TC005_Delete_Employee_Record</td>
<td></td>
<td>0</td>
<td>com.ApiTestcases.TC005_Delete_Employee_Record@3b088d51</td></tr>
<tr>
<td title='com.ApiTestcases.TC001_Get_All_Employees.checkcontentencoding()'><b>checkcontentencoding</b><br>Test class: com.ApiTestcases.TC001_Get_All_Employees</td>
<td></td>
<td>0</td>
<td>com.ApiTestcases.TC001_Get_All_Employees@167fdd33</td></tr>
<tr>
<td title='com.ApiTestcases.TC002_Get_single_employee_record.checkcontentencoding()'><b>checkcontentencoding</b><br>Test class: com.ApiTestcases.TC002_Get_single_employee_record</td>
<td></td>
<td>0</td>
<td>com.ApiTestcases.TC002_Get_single_employee_record@1e965684</td></tr>
<tr>
<td title='com.ApiTestcases.TC001_Get_All_Employees.checkcontentlength()'><b>checkcontentlength</b><br>Test class: com.ApiTestcases.TC001_Get_All_Employees</td>
<td></td>
<td>0</td>
<td>com.ApiTestcases.TC001_Get_All_Employees@167fdd33</td></tr>
<tr>
<td title='com.ApiTestcases.TC002_Get_single_employee_record.checkcontentlength()'><b>checkcontentlength</b><br>Test class: com.ApiTestcases.TC002_Get_single_employee_record</td>
<td></td>
<td>0</td>
<td>com.ApiTestcases.TC002_Get_single_employee_record@1e965684</td></tr>
<tr>
<td title='com.ApiTestcases.TC001_Get_All_Employees.checkcontenttype()'><b>checkcontenttype</b><br>Test class: com.ApiTestcases.TC001_Get_All_Employees</td>
<td></td>
<td>0</td>
<td>com.ApiTestcases.TC001_Get_All_Employees@167fdd33</td></tr>
<tr>
<td title='com.ApiTestcases.TC002_Get_single_employee_record.checkcontenttype()'><b>checkcontenttype</b><br>Test class: com.ApiTestcases.TC002_Get_single_employee_record</td>
<td></td>
<td>0</td>
<td>com.ApiTestcases.TC002_Get_single_employee_record@1e965684</td></tr>
<tr>
<td title='com.ApiTestcases.TC003_Post_Employee_Record.checkresponsebody()'><b>checkresponsebody</b><br>Test class: com.ApiTestcases.TC003_Post_Employee_Record</td>
<td></td>
<td>0</td>
<td>com.ApiTestcases.TC003_Post_Employee_Record@4d95d2a2</td></tr>
<tr>
<td title='com.ApiTestcases.TC001_Get_All_Employees.checkresponsecode()'><b>checkresponsecode</b><br>Test class: com.ApiTestcases.TC001_Get_All_Employees</td>
<td></td>
<td>0</td>
<td>com.ApiTestcases.TC001_Get_All_Employees@167fdd33</td></tr>
<tr>
<td title='com.ApiTestcases.TC002_Get_single_employee_record.checkresponsecode()'><b>checkresponsecode</b><br>Test class: com.ApiTestcases.TC002_Get_single_employee_record</td>
<td></td>
<td>0</td>
<td>com.ApiTestcases.TC002_Get_single_employee_record@1e965684</td></tr>
<tr>
<td title='com.ApiTestcases.TC003_Post_Employee_Record.checkserverType()'><b>checkserverType</b><br>Test class: com.ApiTestcases.TC003_Post_Employee_Record</td>
<td></td>
<td>0</td>
<td>com.ApiTestcases.TC003_Post_Employee_Record@4d95d2a2</td></tr>
<tr>
<td title='com.ApiTestcases.TC004_Put_Employee_Record.checkserverType()'><b>checkserverType</b><br>Test class: com.ApiTestcases.TC004_Put_Employee_Record</td>
<td></td>
<td>0</td>
<td>com.ApiTestcases.TC004_Put_Employee_Record@53f65459</td></tr>
<tr>
<td title='com.ApiTestcases.TC005_Delete_Employee_Record.checkserverType()'><b>checkserverType</b><br>Test class: com.ApiTestcases.TC005_Delete_Employee_Record</td>
<td></td>
<td>0</td>
<td>com.ApiTestcases.TC005_Delete_Employee_Record@3b088d51</td></tr>
<tr>
<td title='com.ApiTestcases.TC001_Get_All_Employees.checkservertype()'><b>checkservertype</b><br>Test class: com.ApiTestcases.TC001_Get_All_Employees</td>
<td></td>
<td>0</td>
<td>com.ApiTestcases.TC001_Get_All_Employees@167fdd33</td></tr>
<tr>
<td title='com.ApiTestcases.TC002_Get_single_employee_record.checkservertype()'><b>checkservertype</b><br>Test class: com.ApiTestcases.TC002_Get_single_employee_record</td>
<td></td>
<td>0</td>
<td>com.ApiTestcases.TC002_Get_single_employee_record@1e965684</td></tr>
<tr>
<td title='com.ApiTestcases.TC003_Post_Employee_Record.checkstatusLine()'><b>checkstatusLine</b><br>Test class: com.ApiTestcases.TC003_Post_Employee_Record</td>
<td></td>
<td>0</td>
<td>com.ApiTestcases.TC003_Post_Employee_Record@4d95d2a2</td></tr>
<tr>
<td title='com.ApiTestcases.TC004_Put_Employee_Record.checkstatusLine()'><b>checkstatusLine</b><br>Test class: com.ApiTestcases.TC004_Put_Employee_Record</td>
<td></td>
<td>0</td>
<td>com.ApiTestcases.TC004_Put_Employee_Record@53f65459</td></tr>
<tr>
<td title='com.ApiTestcases.TC005_Delete_Employee_Record.checkstatusLine()'><b>checkstatusLine</b><br>Test class: com.ApiTestcases.TC005_Delete_Employee_Record</td>
<td></td>
<td>0</td>
<td>com.ApiTestcases.TC005_Delete_Employee_Record@3b088d51</td></tr>
<tr>
<td title='com.ApiTestcases.TC001_Get_All_Employees.checkstatusline()'><b>checkstatusline</b><br>Test class: com.ApiTestcases.TC001_Get_All_Employees</td>
<td></td>
<td>0</td>
<td>com.ApiTestcases.TC001_Get_All_Employees@167fdd33</td></tr>
<tr>
<td title='com.ApiTestcases.TC002_Get_single_employee_record.checkstatusline()'><b>checkstatusline</b><br>Test class: com.ApiTestcases.TC002_Get_single_employee_record</td>
<td></td>
<td>0</td>
<td>com.ApiTestcases.TC002_Get_single_employee_record@1e965684</td></tr>
</table><p>
</body>
</html>