<?xml version="1.0" encoding="UTF-8"?>
<testng-results skipped="0" failed="1" ignored="0" total="5" passed="4">
  <reporter-output>
  </reporter-output>
  <suite name="Default suite" duration-ms="9467" started-at="2020-04-09T19:21:56 IST" finished-at="2020-04-09T19:22:05 IST">
    <groups>
    </groups>
    <test name="Default test" duration-ms="9467" started-at="2020-04-09T19:21:56 IST" finished-at="2020-04-09T19:22:05 IST">
      <class name="com.ApiTestcases.TC004_Put_Employee_Record">
        <test-method status="PASS" signature="setup()[pri:0, instance:com.ApiTestcases.TC004_Put_Employee_Record@184f6be2]" name="setup" is-config="true" duration-ms="109" started-at="2020-04-09T19:21:56 IST" finished-at="2020-04-09T19:21:56 IST">
          <reporter-output>
          </reporter-output>
        </test-method> <!-- setup -->
        <test-method status="PASS" signature="createemployee()[pri:0, instance:com.ApiTestcases.TC004_Put_Employee_Record@184f6be2]" name="createemployee" is-config="true" duration-ms="9249" started-at="2020-04-09T19:21:56 IST" finished-at="2020-04-09T19:22:05 IST">
          <reporter-output>
          </reporter-output>
        </test-method> <!-- createemployee -->
        <test-method status="FAIL" signature="checkresponsebody()[pri:1, instance:com.ApiTestcases.TC004_Put_Employee_Record@184f6be2]" name="checkresponsebody" duration-ms="16" started-at="2020-04-09T19:22:05 IST" finished-at="2020-04-09T19:22:05 IST">
          <exception class="java.lang.AssertionError">
            <message>
              <![CDATA[expected [true] but found [false]]]>
            </message>
            <full-stacktrace>
              <![CDATA[java.lang.AssertionError: expected [true] but found [false]
at org.testng.Assert.fail(Assert.java:97)
at org.testng.Assert.assertEqualsImpl(Assert.java:136)
at org.testng.Assert.assertEquals(Assert.java:118)
at org.testng.Assert.assertEquals(Assert.java:751)
at org.testng.Assert.assertEquals(Assert.java:761)
at com.ApiTestcases.TC004_Put_Employee_Record.checkresponsebody(TC004_Put_Employee_Record.java:53)
at sun.reflect.NativeMethodAccessorImpl.invoke0(Native Method)
at sun.reflect.NativeMethodAccessorImpl.invoke(NativeMethodAccessorImpl.java:62)
at sun.reflect.DelegatingMethodAccessorImpl.invoke(DelegatingMethodAccessorImpl.java:43)
at java.lang.reflect.Method.invoke(Method.java:498)
at org.testng.internal.MethodInvocationHelper.invokeMethod(MethodInvocationHelper.java:134)
at org.testng.internal.TestInvoker.invokeMethod(TestInvoker.java:597)
at org.testng.internal.TestInvoker.invokeTestMethod(TestInvoker.java:173)
at org.testng.internal.MethodRunner.runInSequence(MethodRunner.java:46)
at org.testng.internal.TestInvoker$MethodInvocationAgent.invoke(TestInvoker.java:816)
at org.testng.internal.TestInvoker.invokeTestMethods(TestInvoker.java:146)
at org.testng.internal.TestMethodWorker.invokeTestMethods(TestMethodWorker.java:146)
at org.testng.internal.TestMethodWorker.run(TestMethodWorker.java:128)
at java.util.ArrayList.forEach(ArrayList.java:1257)
at org.testng.TestRunner.privateRun(TestRunner.java:766)
at org.testng.TestRunner.run(TestRunner.java:587)
at org.testng.SuiteRunner.runTest(SuiteRunner.java:384)
at org.testng.SuiteRunner.runSequentially(SuiteRunner.java:378)
at org.testng.SuiteRunner.privateRun(SuiteRunner.java:337)
at org.testng.SuiteRunner.run(SuiteRunner.java:286)
at org.testng.SuiteRunnerWorker.runSuite(SuiteRunnerWorker.java:53)
at org.testng.SuiteRunnerWorker.run(SuiteRunnerWorker.java:96)
at org.testng.TestNG.runSuitesSequentially(TestNG.java:1187)
at org.testng.TestNG.runSuitesLocally(TestNG.java:1109)
at org.testng.TestNG.runSuites(TestNG.java:1039)
at org.testng.TestNG.run(TestNG.java:1007)
at org.testng.remote.AbstractRemoteTestNG.run(AbstractRemoteTestNG.java:115)
at org.testng.remote.RemoteTestNG.initAndRun(RemoteTestNG.java:251)
at org.testng.remote.RemoteTestNG.main(RemoteTestNG.java:77)
]]>
            </full-stacktrace>
          </exception> <!-- java.lang.AssertionError -->
          <reporter-output>
          </reporter-output>
        </test-method> <!-- checkresponsebody -->
        <test-method status="PASS" signature="checkStatusCode()[pri:2, instance:com.ApiTestcases.TC004_Put_Employee_Record@184f6be2]" name="checkStatusCode" duration-ms="0" started-at="2020-04-09T19:22:05 IST" finished-at="2020-04-09T19:22:05 IST">
          <reporter-output>
          </reporter-output>
        </test-method> <!-- checkStatusCode -->
        <test-method status="PASS" signature="checkContentType()[pri:4, instance:com.ApiTestcases.TC004_Put_Employee_Record@184f6be2]" name="checkContentType" duration-ms="0" started-at="2020-04-09T19:22:05 IST" finished-at="2020-04-09T19:22:05 IST">
          <reporter-output>
          </reporter-output>
        </test-method> <!-- checkContentType -->
        <test-method status="PASS" signature="tearDown()[pri:0, instance:com.ApiTestcases.TC004_Put_Employee_Record@184f6be2]" name="tearDown" is-config="true" duration-ms="0" started-at="2020-04-09T19:22:05 IST" finished-at="2020-04-09T19:22:05 IST">
          <reporter-output>
          </reporter-output>
        </test-method> <!-- tearDown -->
        <test-method status="PASS" signature="checkstatusLine()[pri:3, instance:com.ApiTestcases.TC004_Put_Employee_Record@184f6be2]" name="checkstatusLine" duration-ms="0" started-at="2020-04-09T19:22:05 IST" finished-at="2020-04-09T19:22:05 IST">
          <reporter-output>
          </reporter-output>
        </test-method> <!-- checkstatusLine -->
        <test-method status="PASS" signature="checkserverType()[pri:5, instance:com.ApiTestcases.TC004_Put_Employee_Record@184f6be2]" name="checkserverType" duration-ms="0" started-at="2020-04-09T19:22:05 IST" finished-at="2020-04-09T19:22:05 IST">
          <reporter-output>
          </reporter-output>
        </test-method> <!-- checkserverType -->
      </class> <!-- com.ApiTestcases.TC004_Put_Employee_Record -->
    </test> <!-- Default test -->
  </suite> <!-- Default suite -->
</testng-results>
